Log file open, 01/15/19 16:11:47
LogWindows: Failed to load 'aqProf.dll' (GetLastError=126)
LogWindows: File 'aqProf.dll' does not exist
LogWindows: Failed to load 'VtuneApi.dll' (GetLastError=126)
LogWindows: File 'VtuneApi.dll' does not exist
LogWindows: Failed to load 'VtuneApi32e.dll' (GetLastError=126)
LogWindows: File 'VtuneApi32e.dll' does not exist
LogConsoleResponse: Display: Failed to find resolution value strings in scalability ini. Falling back to default.
LogInit: Display: Running engine for game: Humber_Game254
LogPakFile: Registered encryption key '00000000000000000000000000000000': 0 pak files mounted, 0 remain pending
LogPlatformFile: Not using cached read wrapper
LogTaskGraph: Started task graph with 5 named threads and 14 total threads with 3 sets of task threads.
LogStats: Stats thread started at 0.206870
LogD3D11RHI: Loaded GFSDK_Aftermath_Lib.x64.dll
LogICUInternationalization: ICU TimeZone Detection - Raw Offset: -5:00, Platform Override: ''
LogPluginManager: Mounting plugin Paper2D
LogPluginManager: Mounting plugin AISupport
LogPluginManager: Mounting plugin LightPropagationVolume
LogPluginManager: Mounting plugin ActorLayerUtilities
LogPluginManager: Mounting plugin CLionSourceCodeAccess
LogPluginManager: Mounting plugin CodeLiteSourceCodeAccess
LogPluginManager: Mounting plugin GitSourceControl
LogPluginManager: Mounting plugin KDevelopSourceCodeAccess
LogPluginManager: Mounting plugin NullSourceCodeAccess
LogPluginManager: Mounting plugin PerforceSourceControl
LogPluginManager: Mounting plugin SubversionSourceControl
LogPluginManager: Mounting plugin UObjectPlugin
LogPluginManager: Mounting plugin VisualStudioCodeSourceCodeAccess
LogPluginManager: Mounting plugin VisualStudioSourceCodeAccess
LogPluginManager: Mounting plugin XCodeSourceCodeAccess
LogPluginManager: Mounting plugin AssetManagerEditor
LogPluginManager: Mounting plugin CryptoKeys
LogPluginManager: Mounting plugin DataValidation
LogPluginManager: Mounting plugin FacialAnimation
LogPluginManager: Mounting plugin GameplayTagsEditor
LogPluginManager: Mounting plugin MacGraphicsSwitching
LogPluginManager: Mounting plugin MeshEditor
LogPluginManager: Mounting plugin MobileLauncherProfileWizard
LogPluginManager: Mounting plugin PluginBrowser
LogPluginManager: Mounting plugin SpeedTreeImporter
LogPluginManager: Mounting plugin DatasmithContent
LogPluginManager: Mounting plugin VariantManagerContent
LogPluginManager: Mounting plugin AlembicImporter
LogPluginManager: Mounting plugin AppleImageUtils
LogPluginManager: Mounting plugin AppleVision
LogPluginManager: Mounting plugin BackChannel
LogPluginManager: Mounting plugin CharacterAI
LogPluginManager: Mounting plugin GeometryCache
LogPluginManager: Mounting plugin HTML5Networking
LogPluginManager: Mounting plugin ProxyLODPlugin
LogPluginManager: Mounting plugin MagicLeap
LogPluginManager: Mounting plugin MagicLeapMedia
LogPluginManager: Mounting plugin AndroidMedia
LogPluginManager: Mounting plugin AvfMedia
LogPluginManager: Mounting plugin ImgMedia
LogPluginManager: Mounting plugin LinearTimecode
LogPluginManager: Mounting plugin MediaCompositing
LogPluginManager: Mounting plugin MediaPlayerEditor
LogPluginManager: Mounting plugin WebMMedia
LogPluginManager: Mounting plugin WmfMedia
LogPluginManager: Mounting plugin TcpMessaging
LogPluginManager: Mounting plugin UdpMessaging
LogPluginManager: Mounting plugin ActorSequence
LogPluginManager: Mounting plugin LevelSequenceEditor
LogPluginManager: Mounting plugin MatineeToLevelSequence
LogPluginManager: Mounting plugin NetcodeUnitTest
LogPluginManager: Mounting plugin NUTUnrealEngine4
LogPluginManager: Mounting plugin OnlineSubsystemGooglePlay
LogPluginManager: Mounting plugin OnlineSubsystemIOS
LogPluginManager: Mounting plugin OnlineSubsystem
LogPluginManager: Mounting plugin OnlineSubsystemNull
LogPluginManager: Mounting plugin OnlineSubsystemUtils
LogPluginManager: Mounting plugin LauncherChunkInstaller
LogPluginManager: Mounting plugin AndroidDeviceProfileSelector
LogPluginManager: Mounting plugin AndroidMoviePlayer
LogPluginManager: Mounting plugin AndroidPermission
LogPluginManager: Mounting plugin AppleMoviePlayer
LogPluginManager: Mounting plugin ArchVisCharacter
LogPluginManager: Mounting plugin AudioCapture
LogPluginManager: Mounting plugin CableComponent
LogPluginManager: Mounting plugin CustomMeshComponent
LogPluginManager: Mounting plugin EditableMesh
LogPluginManager: Mounting plugin ExampleDeviceProfileSelector
LogPluginManager: Mounting plugin Firebase
LogPluginManager: Mounting plugin GoogleCloudMessaging
LogPluginManager: Mounting plugin IOSDeviceProfileSelector
LogPluginManager: Mounting plugin LinuxDeviceProfileSelector
LogPluginManager: Mounting plugin LocationServicesBPLibrary
LogPluginManager: Mounting plugin MobilePatchingUtils
LogPluginManager: Mounting plugin OculusVR
LogPluginManager: Mounting plugin PhysXVehicles
LogPluginManager: Mounting plugin ProceduralMeshComponent
LogPluginManager: Mounting plugin RuntimePhysXCooking
LogPluginManager: Mounting plugin SteamVR
LogPluginManager: Mounting plugin WebMMoviePlayer
LogPluginManager: Mounting plugin WindowsMoviePlayer
LogStreaming: Display: Took  0.111s to configure plugins.
LogInit: Using libcurl 7.55.1-DEV
LogInit:  - built for x86_64-pc-win32
LogInit:  - supports SSL with OpenSSL/1.0.2h
LogInit:  - supports HTTP deflate (compression) using libz 1.2.8
LogInit:  - other features:
LogInit:      CURL_VERSION_SSL
LogInit:      CURL_VERSION_LIBZ
LogInit:      CURL_VERSION_IPV6
LogInit:      CURL_VERSION_ASYNCHDNS
LogInit:      CURL_VERSION_LARGEFILE
LogInit:      CURL_VERSION_IDN
LogInit:  CurlRequestOptions (configurable via config and command line):
LogInit:  - bVerifyPeer = true  - Libcurl will verify peer certificate
LogInit:  - bUseHttpProxy = false  - Libcurl will NOT use HTTP proxy
LogInit:  - bDontReuseConnections = false  - Libcurl will reuse connections
LogInit:  - MaxHostConnections = 16  - Libcurl will limit the number of connections to a host
LogInit:  - LocalHostAddr = Default
LogInit:  - BufferSize = 65536
LogInit: WinSock: version 1.1 (2.2), MaxSocks=32767, MaxUdp=65467
LogInit: Build: ++UE4+Release-4.21-CL-4613538
LogInit: Engine Version: 4.21.1-4613538+++UE4+Release-4.21
LogInit: Compatible Engine Version: 4.21.0-4541578+++UE4+Release-4.21
LogInit: Net CL: 4541578
LogInit: OS: Windows 10 (), CPU: Intel(R) Core(TM) i5-4460  CPU @ 3.20GHz, GPU: AMD Radeon R9 200 Series
LogInit: Compiled (64-bit): Nov 30 2018 04:13:25
LogInit: Compiled with Visual C++: 19.13.26129.00
LogInit: Build Configuration: Development
LogInit: Branch Name: ++UE4+Release-4.21
LogInit: Command Line: 
LogInit: Base Directory: C:/Users/Ryan/Documents/UE_4.21/Engine/Binaries/Win64/
LogInit: Installed Engine Build: 1
LogDevObjectVersion: Number of dev versions registered: 22
LogDevObjectVersion:   Dev-Blueprints (B0D832E4-1F89-4F0D-ACCF-7EB736FD4AA2): 10
LogDevObjectVersion:   Dev-Build (E1C64328-A22C-4D53-A36C-8E866417BD8C): 0
LogDevObjectVersion:   Dev-Core (375EC13C-06E4-48FB-B500-84F0262A717E): 2
LogDevObjectVersion:   Dev-Editor (E4B068ED-F494-42E9-A231-DA0B2E46BB41): 26
LogDevObjectVersion:   Dev-Framework (CFFC743F-43B0-4480-9391-14DF171D2073): 34
LogDevObjectVersion:   Dev-Mobile (B02B49B5-BB20-44E9-A304-32B752E40360): 2
LogDevObjectVersion:   Dev-Networking (A4E4105C-59A1-49B5-A7C5-40C4547EDFEE): 0
LogDevObjectVersion:   Dev-Online (39C831C9-5AE6-47DC-9A44-9C173E1C8E7C): 0
LogDevObjectVersion:   Dev-Physics (78F01B33-EBEA-4F98-B9B4-84EACCB95AA2): 0
LogDevObjectVersion:   Dev-Platform (6631380F-2D4D-43E0-8009-CF276956A95A): 0
LogDevObjectVersion:   Dev-Rendering (12F88B9F-8875-4AFC-A67C-D90C383ABD29): 27
LogDevObjectVersion:   Dev-Sequencer (7B5AE74C-D270-4C10-A958-57980B212A5A): 9
LogDevObjectVersion:   Dev-VR (D7296918-1DD6-4BDD-9DE2-64A83CC13884): 2
LogDevObjectVersion:   Dev-LoadTimes (C2A15278-BFE7-4AFE-6C17-90FF531DF755): 1
LogDevObjectVersion:   Private-Geometry (6EACA3D4-40EC-4CC1-B786-8BED09428FC5): 3
LogDevObjectVersion:   Dev-AnimPhys (29E575DD-E0A3-4627-9D10-D276232CDCEA): 17
LogDevObjectVersion:   Dev-Anim (AF43A65D-7FD3-4947-9873-3E8ED9C1BB05): 2
LogDevObjectVersion:   Dev-ReflectionCapture (6B266CEC-1EC7-4B8F-A30B-E4D90942FC07): 1
LogDevObjectVersion:   Dev-Automation (0DF73D61-A23F-47EA-B727-89E90C41499A): 1
LogDevObjectVersion:   FortniteMain (601D1886-AC64-4F84-AA16-D3DE0DEAC7D6): 17
LogDevObjectVersion:   Dev-Enterprise (9DFFBCD6-494F-0158-E221-12823C92A888): 4
LogDevObjectVersion:   Dev-Niagara (F2AED0AC-9AFE-416F-8664-AA7FFA26D6FC): 1
LogStreaming: Display: Took  0.004s to delete old logs.
LogInit: Presizing for max 8388607 objects, including 0 objects not considered by GC, pre-allocating 0 bytes for permanent pool.
LogInit: Object subsystem initialized
LogConfig: Setting CVar [[con.DebugEarlyDefault:1]]
LogConfig: Setting CVar [[r.setres:1280x720]]
[2019.01.15-21.11.47:585][  0]LogConfig: Setting CVar [[r.VSync:0]]
[2019.01.15-21.11.47:585][  0]LogConfig: Setting CVar [[r.RHICmdBypass:0]]
[2019.01.15-21.11.47:585][  0]LogConfig: Applying CVar settings from Section [/Script/Engine.RendererSettings] File [C:/Users/Ryan/GitHub/GAME_254/Humber_Game254/Saved/Config/Windows/Engine.ini]
[2019.01.15-21.11.47:585][  0]LogConfig: Setting CVar [[r.GPUCrashDebugging:0]]
[2019.01.15-21.11.47:585][  0]LogConfig: Applying CVar settings from Section [/Script/Engine.RendererOverrideSettings] File [C:/Users/Ryan/GitHub/GAME_254/Humber_Game254/Saved/Config/Windows/Engine.ini]
[2019.01.15-21.11.47:585][  0]LogConfig: Applying CVar settings from Section [/Script/Engine.StreamingSettings] File [C:/Users/Ryan/GitHub/GAME_254/Humber_Game254/Saved/Config/Windows/Engine.ini]
[2019.01.15-21.11.47:585][  0]LogConfig: Setting CVar [[s.MinBulkDataSizeForAsyncLoading:131072]]
[2019.01.15-21.11.47:585][  0]LogConfig: Setting CVar [[s.AsyncLoadingThreadEnabled:0]]
[2019.01.15-21.11.47:585][  0]LogConfig: Setting CVar [[s.EventDrivenLoaderEnabled:1]]
[2019.01.15-21.11.47:586][  0]LogConfig: Setting CVar [[s.WarnIfTimeLimitExceeded:0]]
[2019.01.15-21.11.47:586][  0]LogConfig: Setting CVar [[s.TimeLimitExceededMultiplier:1.5]]
[2019.01.15-21.11.47:586][  0]LogConfig: Setting CVar [[s.TimeLimitExceededMinTime:0.005]]
[2019.01.15-21.11.47:586][  0]LogConfig: Setting CVar [[s.UseBackgroundLevelStreaming:1]]
[2019.01.15-21.11.47:586][  0]LogConfig: Setting CVar [[s.PriorityAsyncLoadingExtraTime:15.0]]
[2019.01.15-21.11.47:586][  0]LogConfig: Setting CVar [[s.LevelStreamingActorsUpdateTimeLimit:5.0]]
[2019.01.15-21.11.47:586][  0]LogConfig: Setting CVar [[s.PriorityLevelStreamingActorsUpdateExtraTime:5.0]]
[2019.01.15-21.11.47:586][  0]LogConfig: Setting CVar [[s.LevelStreamingComponentsRegistrationGranularity:10]]
[2019.01.15-21.11.47:586][  0]LogConfig: Setting CVar [[s.UnregisterComponentsTimeLimit:1.0]]
[2019.01.15-21.11.47:586][  0]LogConfig: Setting CVar [[s.LevelStreamingComponentsUnregistrationGranularity:5]]
[2019.01.15-21.11.47:586][  0]LogConfig: Applying CVar settings from Section [/Script/Engine.GarbageCollectionSettings] File [C:/Users/Ryan/GitHub/GAME_254/Humber_Game254/Saved/Config/Windows/Engine.ini]
[2019.01.15-21.11.47:586][  0]LogConfig: Setting CVar [[gc.MaxObjectsNotConsideredByGC:1]]
[2019.01.15-21.11.47:586][  0]LogConfig: Setting CVar [[gc.SizeOfPermanentObjectPool:0]]
[2019.01.15-21.11.47:586][  0]LogConfig: Setting CVar [[gc.FlushStreamingOnGC:0]]
[2019.01.15-21.11.47:586][  0]LogConfig: Setting CVar [[gc.NumRetriesBeforeForcingGC:10]]
[2019.01.15-21.11.47:586][  0]LogConfig: Setting CVar [[gc.AllowParallelGC:1]]
[2019.01.15-21.11.47:586][  0]LogConfig: Setting CVar [[gc.TimeBetweenPurgingPendingKillObjects:61.1]]
[2019.01.15-21.11.47:586][  0]LogConfig: Setting CVar [[gc.MaxObjectsInEditor:8388607]]
[2019.01.15-21.11.47:586][  0]LogConfig: Setting CVar [[gc.IncrementalBeginDestroyEnabled:1]]
[2019.01.15-21.11.47:586][  0]LogConfig: Setting CVar [[gc.CreateGCClusters:1]]
[2019.01.15-21.11.47:586][  0]LogConfig: Setting CVar [[gc.MergeGCClusters:0]]
[2019.01.15-21.11.47:586][  0]LogConfig: Setting CVar [[gc.MinGCClusterSize:5]]
[2019.01.15-21.11.47:586][  0]LogConfig: Setting CVar [[gc.ActorClusteringEnabled:0]]
[2019.01.15-21.11.47:586][  0]LogConfig: Setting CVar [[gc.BlueprintClusteringEnabled:0]]
[2019.01.15-21.11.47:586][  0]LogConfig: Setting CVar [[gc.UseDisregardForGCOnDedicatedServers:0]]
[2019.01.15-21.11.47:586][  0]LogConfig: Applying CVar settings from Section [/Script/Engine.NetworkSettings] File [C:/Users/Ryan/GitHub/GAME_254/Humber_Game254/Saved/Config/Windows/Engine.ini]
[2019.01.15-21.11.47:586][  0]LogConfig: Applying CVar settings from Section [/Script/UnrealEd.CookerSettings] File [C:/Users/Ryan/GitHub/GAME_254/Humber_Game254/Saved/Config/Windows/Engine.ini]
[2019.01.15-21.11.47:613][  0]LogConfig: Applying CVar settings from Section [ViewDistanceQuality@3] File [C:/Users/Ryan/GitHub/GAME_254/Humber_Game254/Saved/Config/Windows/Scalability.ini]
[2019.01.15-21.11.47:613][  0]LogConfig: Setting CVar [[r.SkeletalMeshLODBias:0]]
[2019.01.15-21.11.47:613][  0]LogConfig: Setting CVar [[r.ViewDistanceScale:1.0]]
[2019.01.15-21.11.47:613][  0]LogConfig: Applying CVar settings from Section [AntiAliasingQuality@3] File [C:/Users/Ryan/GitHub/GAME_254/Humber_Game254/Saved/Config/Windows/Scalability.ini]
[2019.01.15-21.11.47:613][  0]LogConfig: Setting CVar [[r.PostProcessAAQuality:4]]
[2019.01.15-21.11.47:613][  0]LogConfig: Applying CVar settings from Section [ShadowQuality@3] File [C:/Users/Ryan/GitHub/GAME_254/Humber_Game254/Saved/Config/Windows/Scalability.ini]
[2019.01.15-21.11.47:613][  0]LogConfig: Setting CVar [[r.LightFunctionQuality:1]]
[2019.01.15-21.11.47:613][  0]LogConfig: Setting CVar [[r.ShadowQuality:5]]
[2019.01.15-21.11.47:613][  0]LogConfig: Setting CVar [[r.Shadow.CSM.MaxCascades:10]]
[2019.01.15-21.11.47:613][  0]LogConfig: Setting CVar [[r.Shadow.MaxResolution:2048]]
[2019.01.15-21.11.47:613][  0]LogConfig: Setting CVar [[r.Shadow.MaxCSMResolution:2048]]
[2019.01.15-21.11.47:613][  0]LogConfig: Setting CVar [[r.Shadow.RadiusThreshold:0.01]]
[2019.01.15-21.11.47:613][  0]LogConfig: Setting CVar [[r.Shadow.DistanceScale:1.0]]
[2019.01.15-21.11.47:613][  0]LogConfig: Setting CVar [[r.Shadow.CSM.TransitionScale:1.0]]
[2019.01.15-21.11.47:613][  0]LogConfig: Setting CVar [[r.Shadow.PreShadowResolutionFactor:1.0]]
[2019.01.15-21.11.47:613][  0]LogConfig: Setting CVar [[r.DistanceFieldShadowing:1]]
[2019.01.15-21.11.47:613][  0]LogConfig: Setting CVar [[r.DistanceFieldAO:1]]
[2019.01.15-21.11.47:613][  0]LogConfig: Setting CVar [[r.AOQuality:2]]
[2019.01.15-21.11.47:613][  0]LogConfig: Setting CVar [[r.VolumetricFog:1]]
[2019.01.15-21.11.47:613][  0]LogConfig: Setting CVar [[r.VolumetricFog.GridPixelSize:8]]
[2019.01.15-21.11.47:613][  0]LogConfig: Setting CVar [[r.VolumetricFog.GridSizeZ:128]]
[2019.01.15-21.11.47:613][  0]LogConfig: Setting CVar [[r.VolumetricFog.HistoryMissSupersampleCount:4]]
[2019.01.15-21.11.47:613][  0]LogConfig: Setting CVar [[r.LightMaxDrawDistanceScale:1]]
[2019.01.15-21.11.47:613][  0]LogConfig: Setting CVar [[r.CapsuleShadows:1]]
[2019.01.15-21.11.47:613][  0]LogConfig: Applying CVar settings from Section [PostProcessQuality@3] File [C:/Users/Ryan/GitHub/GAME_254/Humber_Game254/Saved/Config/Windows/Scalability.ini]
[2019.01.15-21.11.47:613][  0]LogConfig: Setting CVar [[r.MotionBlurQuality:4]]
[2019.01.15-21.11.47:613][  0]LogConfig: Setting CVar [[r.AmbientOcclusionMipLevelFactor:0.4]]
[2019.01.15-21.11.47:613][  0]LogConfig: Setting CVar [[r.AmbientOcclusionMaxQuality:100]]
[2019.01.15-21.11.47:613][  0]LogConfig: Setting CVar [[r.AmbientOcclusionLevels:-1]]
[2019.01.15-21.11.47:613][  0]LogConfig: Setting CVar [[r.AmbientOcclusionRadiusScale:1.0]]
[2019.01.15-21.11.47:613][  0]LogConfig: Setting CVar [[r.DepthOfFieldQuality:2]]
[2019.01.15-21.11.47:613][  0]LogConfig: Setting CVar [[r.RenderTargetPoolMin:400]]
[2019.01.15-21.11.47:613][  0]LogConfig: Setting CVar [[r.LensFlareQuality:2]]
[2019.01.15-21.11.47:613][  0]LogConfig: Setting CVar [[r.SceneColorFringeQuality:1]]
[2019.01.15-21.11.47:613][  0]LogConfig: Setting CVar [[r.EyeAdaptationQuality:2]]
[2019.01.15-21.11.47:613][  0]LogConfig: Setting CVar [[r.BloomQuality:5]]
[2019.01.15-21.11.47:613][  0]LogConfig: Setting CVar [[r.FastBlurThreshold:100]]
[2019.01.15-21.11.47:613][  0]LogConfig: Setting CVar [[r.Upscale.Quality:3]]
[2019.01.15-21.11.47:613][  0]LogConfig: Setting CVar [[r.Tonemapper.GrainQuantization:1]]
[2019.01.15-21.11.47:613][  0]LogConfig: Setting CVar [[r.LightShaftQuality:1]]
[2019.01.15-21.11.47:613][  0]LogConfig: Setting CVar [[r.Filter.SizeScale:1]]
[2019.01.15-21.11.47:613][  0]LogConfig: Setting CVar [[r.Tonemapper.Quality:5]]
[2019.01.15-21.11.47:613][  0]LogConfig: Setting CVar [[r.DOF.Gather.AccumulatorQuality:1        ; higher gathering accumulator quality]]
[2019.01.15-21.11.47:613][  0]LogConfig: Setting CVar [[r.DOF.Gather.PostfilterMethod:1          ; Median3x3 postfilering method]]
[2019.01.15-21.11.47:613][  0]LogConfig: Setting CVar [[r.DOF.Gather.EnableBokehSettings:0       ; no bokeh simulation when gathering]]
[2019.01.15-21.11.47:613][  0]LogConfig: Setting CVar [[r.DOF.Gather.RingCount:4                 ; medium number of samples when gathering]]
[2019.01.15-21.11.47:613][  0]LogConfig: Setting CVar [[r.DOF.Scatter.ForegroundCompositing:1    ; additive foreground scattering]]
[2019.01.15-21.11.47:613][  0]LogConfig: Setting CVar [[r.DOF.Scatter.BackgroundCompositing:2    ; additive background scattering]]
[2019.01.15-21.11.47:613][  0]LogConfig: Setting CVar [[r.DOF.Scatter.EnableBokehSettings:1      ; bokeh simulation when scattering]]
[2019.01.15-21.11.47:613][  0]LogConfig: Setting CVar [[r.DOF.Scatter.MaxSpriteRatio:0.1         ; only a maximum of 10% of scattered bokeh]]
[2019.01.15-21.11.47:613][  0]LogConfig: Setting CVar [[r.DOF.Recombine.Quality:1                ; cheap slight out of focus]]
[2019.01.15-21.11.47:613][  0]LogConfig: Setting CVar [[r.DOF.Recombine.EnableBokehSettings:0    ; no bokeh simulation on slight out of focus]]
[2019.01.15-21.11.47:613][  0]LogConfig: Setting CVar [[r.DOF.TemporalAAQuality:1                ; more stable temporal accumulation]]
[2019.01.15-21.11.47:613][  0]LogConfig: Setting CVar [[r.DOF.Kernel.MaxForegroundRadius:0.025]]
[2019.01.15-21.11.47:613][  0]LogConfig: Setting CVar [[r.DOF.Kernel.MaxBackgroundRadius:0.025]]
[2019.01.15-21.11.47:613][  0]LogConfig: Applying CVar settings from Section [TextureQuality@3] File [C:/Users/Ryan/GitHub/GAME_254/Humber_Game254/Saved/Config/Windows/Scalability.ini]
[2019.01.15-21.11.47:613][  0]LogConfig: Setting CVar [[r.Streaming.MipBias:0]]
[2019.01.15-21.11.47:613][  0]LogConfig: Setting CVar [[r.Streaming.AmortizeCPUToGPUCopy:0]]
[2019.01.15-21.11.47:613][  0]LogConfig: Setting CVar [[r.Streaming.MaxNumTexturesToStreamPerFrame:0]]
[2019.01.15-21.11.47:613][  0]LogConfig: Setting CVar [[r.Streaming.Boost:1]]
[2019.01.15-21.11.47:613][  0]LogConfig: Setting CVar [[r.MaxAnisotropy:8]]
[2019.01.15-21.11.47:614][  0]LogConfig: Setting CVar [[r.Streaming.LimitPoolSizeToVRAM:0]]
[2019.01.15-21.11.47:614][  0]LogConfig: Setting CVar [[r.Streaming.PoolSize:1000]]
[2019.01.15-21.11.47:614][  0]LogConfig: Setting CVar [[r.Streaming.MaxEffectiveScreenSize:0]]
[2019.01.15-21.11.47:614][  0]LogConfig: Applying CVar settings from Section [EffectsQuality@3] File [C:/Users/Ryan/GitHub/GAME_254/Humber_Game254/Saved/Config/Windows/Scalability.ini]
[2019.01.15-21.11.47:614][  0]LogConfig: Setting CVar [[r.TranslucencyLightingVolumeDim:64]]
[2019.01.15-21.11.47:614][  0]LogConfig: Setting CVar [[r.RefractionQuality:2]]
[2019.01.15-21.11.47:614][  0]LogConfig: Setting CVar [[r.SSR.Quality:3]]
[2019.01.15-21.11.47:614][  0]LogConfig: Setting CVar [[r.SceneColorFormat:4]]
[2019.01.15-21.11.47:614][  0]LogConfig: Setting CVar [[r.DetailMode:2]]
[2019.01.15-21.11.47:614][  0]LogConfig: Setting CVar [[r.TranslucencyVolumeBlur:1]]
[2019.01.15-21.11.47:614][  0]LogConfig: Setting CVar [[r.MaterialQualityLevel:1 ; High quality]]
[2019.01.15-21.11.47:614][  0]LogConfig: Setting CVar [[r.SSS.Scale:1]]
[2019.01.15-21.11.47:614][  0]LogConfig: Setting CVar [[r.SSS.SampleSet:2]]
[2019.01.15-21.11.47:614][  0]LogConfig: Setting CVar [[r.SSS.Quality:1]]
[2019.01.15-21.11.47:614][  0]LogConfig: Setting CVar [[r.SSS.HalfRes:1]]
[2019.01.15-21.11.47:614][  0]LogConfig: Setting CVar [[r.EmitterSpawnRateScale:1.0]]
[2019.01.15-21.11.47:614][  0]LogConfig: Setting CVar [[r.ParticleLightQuality:2]]
[2019.01.15-21.11.47:614][  0]LogConfig: Applying CVar settings from Section [FoliageQuality@3] File [C:/Users/Ryan/GitHub/GAME_254/Humber_Game254/Saved/Config/Windows/Scalability.ini]
[2019.01.15-21.11.47:614][  0]LogConfig: Setting CVar [[foliage.DensityScale:1.0]]
[2019.01.15-21.11.47:614][  0]LogConfig: Setting CVar [[grass.DensityScale:1.0]]
[2019.01.15-21.11.47:614][  0]LogInit: Selected Device Profile: [Windows]
[2019.01.15-21.11.47:614][  0]LogInit: Applying CVar settings loaded from the selected device profile: [Windows]
[2019.01.15-21.11.47:626][  0]LogHAL: Display: Platform has ~ 16 GB [17120346112 / 17179869184 / 16], which maps to Larger [LargestMinGB=32, LargerMinGB=12, DefaultMinGB=8, SmallerMinGB=6, SmallestMinGB=0)
[2019.01.15-21.11.47:627][  0]LogConfig: Setting CVar [[r.Vulkan.UseRealUBs:1]]
[2019.01.15-21.11.47:627][  0]LogInit: Going up to parent DeviceProfile []
[2019.01.15-21.11.47:627][  0]LogConfig: Applying CVar settings from Section [ViewDistanceQuality@3] File [C:/Users/Ryan/GitHub/GAME_254/Humber_Game254/Saved/Config/Windows/Scalability.ini]
[2019.01.15-21.11.47:627][  0]LogConfig: Setting CVar [[r.SkeletalMeshLODBias:0]]
[2019.01.15-21.11.47:627][  0]LogConfig: Setting CVar [[r.ViewDistanceScale:1.0]]
[2019.01.15-21.11.47:627][  0]LogConfig: Applying CVar settings from Section [AntiAliasingQuality@3] File [C:/Users/Ryan/GitHub/GAME_254/Humber_Game254/Saved/Config/Windows/Scalability.ini]
[2019.01.15-21.11.47:627][  0]LogConfig: Setting CVar [[r.PostProcessAAQuality:4]]
[2019.01.15-21.11.47:627][  0]LogConfig: Applying CVar settings from Section [ShadowQuality@3] File [C:/Users/Ryan/GitHub/GAME_254/Humber_Game254/Saved/Config/Windows/Scalability.ini]
[2019.01.15-21.11.47:627][  0]LogConfig: Setting CVar [[r.LightFunctionQuality:1]]
[2019.01.15-21.11.47:627][  0]LogConfig: Setting CVar [[r.ShadowQuality:5]]
[2019.01.15-21.11.47:627][  0]LogConfig: Setting CVar [[r.Shadow.CSM.MaxCascades:10]]
[2019.01.15-21.11.47:627][  0]LogConfig: Setting CVar [[r.Shadow.MaxResolution:2048]]
[2019.01.15-21.11.47:627][  0]LogConfig: Setting CVar [[r.Shadow.MaxCSMResolution:2048]]
[2019.01.15-21.11.47:627][  0]LogConfig: Setting CVar [[r.Shadow.RadiusThreshold:0.01]]
[2019.01.15-21.11.47:627][  0]LogConfig: Setting CVar [[r.Shadow.DistanceScale:1.0]]
[2019.01.15-21.11.47:627][  0]LogConfig: Setting CVar [[r.Shadow.CSM.TransitionScale:1.0]]
[2019.01.15-21.11.47:627][  0]LogConfig: Setting CVar [[r.Shadow.PreShadowResolutionFactor:1.0]]
[2019.01.15-21.11.47:627][  0]LogConfig: Setting CVar [[r.DistanceFieldShadowing:1]]
[2019.01.15-21.11.47:627][  0]LogConfig: Setting CVar [[r.DistanceFieldAO:1]]
[2019.01.15-21.11.47:627][  0]LogConfig: Setting CVar [[r.AOQuality:2]]
[2019.01.15-21.11.47:627][  0]LogConfig: Setting CVar [[r.VolumetricFog:1]]
[2019.01.15-21.11.47:627][  0]LogConfig: Setting CVar [[r.VolumetricFog.GridPixelSize:8]]
[2019.01.15-21.11.47:627][  0]LogConfig: Setting CVar [[r.VolumetricFog.GridSizeZ:128]]
[2019.01.15-21.11.47:627][  0]LogConfig: Setting CVar [[r.VolumetricFog.HistoryMissSupersampleCount:4]]
[2019.01.15-21.11.47:627][  0]LogConfig: Setting CVar [[r.LightMaxDrawDistanceScale:1]]
[2019.01.15-21.11.47:627][  0]LogConfig: Setting CVar [[r.CapsuleShadows:1]]
[2019.01.15-21.11.47:627][  0]LogConfig: Applying CVar settings from Section [PostProcessQuality@3] File [C:/Users/Ryan/GitHub/GAME_254/Humber_Game254/Saved/Config/Windows/Scalability.ini]
[2019.01.15-21.11.47:627][  0]LogConfig: Setting CVar [[r.MotionBlurQuality:4]]
[2019.01.15-21.11.47:627][  0]LogConfig: Setting CVar [[r.AmbientOcclusionMipLevelFactor:0.4]]
[2019.01.15-21.11.47:627][  0]LogConfig: Setting CVar [[r.AmbientOcclusionMaxQuality:100]]
[2019.01.15-21.11.47:627][  0]LogConfig: Setting CVar [[r.AmbientOcclusionLevels:-1]]
[2019.01.15-21.11.47:627][  0]LogConfig: Setting CVar [[r.AmbientOcclusionRadiusScale:1.0]]
[2019.01.15-21.11.47:627][  0]LogConfig: Setting CVar [[r.DepthOfFieldQuality:2]]
[2019.01.15-21.11.47:627][  0]LogConfig: Setting CVar [[r.RenderTargetPoolMin:400]]
[2019.01.15-21.11.47:627][  0]LogConfig: Setting CVar [[r.LensFlareQuality:2]]
[2019.01.15-21.11.47:627][  0]LogConfig: Setting CVar [[r.SceneColorFringeQuality:1]]
[2019.01.15-21.11.47:627][  0]LogConfig: Setting CVar [[r.EyeAdaptationQuality:2]]
[2019.01.15-21.11.47:627][  0]LogConfig: Setting CVar [[r.BloomQuality:5]]
[2019.01.15-21.11.47:627][  0]LogConfig: Setting CVar [[r.FastBlurThreshold:100]]
[2019.01.15-21.11.47:627][  0]LogConfig: Setting CVar [[r.Upscale.Quality:3]]
[2019.01.15-21.11.47:627][  0]LogConfig: Setting CVar [[r.Tonemapper.GrainQuantization:1]]
[2019.01.15-21.11.47:627][  0]LogConfig: Setting CVar [[r.LightShaftQuality:1]]
[2019.01.15-21.11.47:627][  0]LogConfig: Setting CVar [[r.Filter.SizeScale:1]]
[2019.01.15-21.11.47:627][  0]LogConfig: Setting CVar [[r.Tonemapper.Quality:5]]
[2019.01.15-21.11.47:627][  0]LogConfig: Setting CVar [[r.DOF.Gather.AccumulatorQuality:1        ; higher gathering accumulator quality]]
[2019.01.15-21.11.47:627][  0]LogConfig: Setting CVar [[r.DOF.Gather.PostfilterMethod:1          ; Median3x3 postfilering method]]
[2019.01.15-21.11.47:627][  0]LogConfig: Setting CVar [[r.DOF.Gather.EnableBokehSettings:0       ; no bokeh simulation when gathering]]
[2019.01.15-21.11.47:627][  0]LogConfig: Setting CVar [[r.DOF.Gather.RingCount:4                 ; medium number of samples when gathering]]
[2019.01.15-21.11.47:627][  0]LogConfig: Setting CVar [[r.DOF.Scatter.ForegroundCompositing:1    ; additive foreground scattering]]
[2019.01.15-21.11.47:627][  0]LogConfig: Setting CVar [[r.DOF.Scatter.BackgroundCompositing:2    ; additive background scattering]]
[2019.01.15-21.11.47:627][  0]LogConfig: Setting CVar [[r.DOF.Scatter.EnableBokehSettings:1      ; bokeh simulation when scattering]]
[2019.01.15-21.11.47:627][  0]LogConfig: Setting CVar [[r.DOF.Scatter.MaxSpriteRatio:0.1         ; only a maximum of 10% of scattered bokeh]]
[2019.01.15-21.11.47:627][  0]LogConfig: Setting CVar [[r.DOF.Recombine.Quality:1                ; cheap slight out of focus]]
[2019.01.15-21.11.47:627][  0]LogConfig: Setting CVar [[r.DOF.Recombine.EnableBokehSettings:0    ; no bokeh simulation on slight out of focus]]
[2019.01.15-21.11.47:627][  0]LogConfig: Setting CVar [[r.DOF.TemporalAAQuality:1                ; more stable temporal accumulation]]
[2019.01.15-21.11.47:627][  0]LogConfig: Setting CVar [[r.DOF.Kernel.MaxForegroundRadius:0.025]]
[2019.01.15-21.11.47:627][  0]LogConfig: Setting CVar [[r.DOF.Kernel.MaxBackgroundRadius:0.025]]
[2019.01.15-21.11.47:627][  0]LogConfig: Applying CVar settings from Section [TextureQuality@3] File [C:/Users/Ryan/GitHub/GAME_254/Humber_Game254/Saved/Config/Windows/Scalability.ini]
[2019.01.15-21.11.47:627][  0]LogConfig: Setting CVar [[r.Streaming.MipBias:0]]
[2019.01.15-21.11.47:627][  0]LogConfig: Setting CVar [[r.Streaming.AmortizeCPUToGPUCopy:0]]
[2019.01.15-21.11.47:627][  0]LogConfig: Setting CVar [[r.Streaming.MaxNumTexturesToStreamPerFrame:0]]
[2019.01.15-21.11.47:627][  0]LogConfig: Setting CVar [[r.Streaming.Boost:1]]
[2019.01.15-21.11.47:627][  0]LogConfig: Setting CVar [[r.MaxAnisotropy:8]]
[2019.01.15-21.11.47:627][  0]LogConfig: Setting CVar [[r.Streaming.LimitPoolSizeToVRAM:0]]
[2019.01.15-21.11.47:627][  0]LogConfig: Setting CVar [[r.Streaming.PoolSize:1000]]
[2019.01.15-21.11.47:627][  0]LogConfig: Setting CVar [[r.Streaming.MaxEffectiveScreenSize:0]]
[2019.01.15-21.11.47:627][  0]LogConfig: Applying CVar settings from Section [EffectsQuality@3] File [C:/Users/Ryan/GitHub/GAME_254/Humber_Game254/Saved/Config/Windows/Scalability.ini]
[2019.01.15-21.11.47:627][  0]LogConfig: Setting CVar [[r.TranslucencyLightingVolumeDim:64]]
[2019.01.15-21.11.47:627][  0]LogConfig: Setting CVar [[r.RefractionQuality:2]]
[2019.01.15-21.11.47:627][  0]LogConfig: Setting CVar [[r.SSR.Quality:3]]
[2019.01.15-21.11.47:627][  0]LogConfig: Setting CVar [[r.SceneColorFormat:4]]
[2019.01.15-21.11.47:627][  0]LogConfig: Setting CVar [[r.DetailMode:2]]
[2019.01.15-21.11.47:628][  0]LogConfig: Setting CVar [[r.TranslucencyVolumeBlur:1]]
[2019.01.15-21.11.47:628][  0]LogConfig: Setting CVar [[r.MaterialQualityLevel:1 ; High quality]]
[2019.01.15-21.11.47:628][  0]LogConfig: Setting CVar [[r.SSS.Scale:1]]
[2019.01.15-21.11.47:628][  0]LogConfig: Setting CVar [[r.SSS.SampleSet:2]]
[2019.01.15-21.11.47:628][  0]LogConfig: Setting CVar [[r.SSS.Quality:1]]
[2019.01.15-21.11.47:628][  0]LogConfig: Setting CVar [[r.SSS.HalfRes:1]]
[2019.01.15-21.11.47:628][  0]LogConfig: Setting CVar [[r.EmitterSpawnRateScale:1.0]]
[2019.01.15-21.11.47:628][  0]LogConfig: Setting CVar [[r.ParticleLightQuality:2]]
[2019.01.15-21.11.47:628][  0]LogConfig: Applying CVar settings from Section [FoliageQuality@3] File [C:/Users/Ryan/GitHub/GAME_254/Humber_Game254/Saved/Config/Windows/Scalability.ini]
[2019.01.15-21.11.47:628][  0]LogConfig: Setting CVar [[foliage.DensityScale:1.0]]
[2019.01.15-21.11.47:628][  0]LogConfig: Setting CVar [[grass.DensityScale:1.0]]
[2019.01.15-21.11.47:628][  0]LogConfig: Applying CVar settings from Section [Startup] File [../../../Engine/Config/ConsoleVariables.ini]
[2019.01.15-21.11.47:628][  0]LogConfig: Setting CVar [[net.UseAdaptiveNetUpdateFrequency:0]]
[2019.01.15-21.11.47:628][  0]LogConfig: Applying CVar settings from Section [ConsoleVariables] File [C:/Users/Ryan/GitHub/GAME_254/Humber_Game254/Saved/Config/Windows/Engine.ini]
[2019.01.15-21.11.47:628][  0]LogInit: Computer: RYAN-PC
[2019.01.15-21.11.47:628][  0]LogInit: User: Ryan
[2019.01.15-21.11.47:628][  0]LogInit: CPU Page size=4096, Cores=4
[2019.01.15-21.11.47:628][  0]LogInit: High frequency timer resolution =3.124997 MHz
[2019.01.15-21.11.47:628][  0]LogMemory: Memory total: Physical=15.9GB (16GB approx)
[2019.01.15-21.11.47:628][  0]LogMemory: Platform Memory Stats for Windows
[2019.01.15-21.11.47:628][  0]LogMemory: Process Physical Memory: 102.33 MB used, 102.33 MB peak
[2019.01.15-21.11.47:628][  0]LogMemory: Process Virtual Memory: 84.60 MB used, 84.60 MB peak
[2019.01.15-21.11.47:628][  0]LogMemory: Physical Memory: 4689.09 MB used,  11638.14 MB free, 16327.23 MB total
[2019.01.15-21.11.47:628][  0]LogMemory: Virtual Memory: 4628.11 MB used,  134213096.00 MB free, 134217728.00 MB total
[2019.01.15-21.11.47:654][  0]LogInit: Using OS detected language (en-US).
[2019.01.15-21.11.47:654][  0]LogInit: Using OS detected locale (en-US).
[2019.01.15-21.11.47:655][  0]LogTextLocalizationManager: No specific localization for 'en-US' exists, so the 'en' localization will be used.
[2019.01.15-21.11.48:086][  0]LogStreaming: Display: Took  0.432s to InitEngineTextLocalization.
[2019.01.15-21.11.48:086][  0]LogInit: Setting process to per monitor DPI aware
[2019.01.15-21.11.48:136][  0]LogSlate: New Slate User Created.  User Index 0, Is Virtual User: 0
[2019.01.15-21.11.48:136][  0]LogSlate: Slate User Registered.  User Index 0, Is Virtual User: 0
[2019.01.15-21.11.48:375][  0]LogHMD: Failed to initialize OpenVR with code 110
[2019.01.15-21.11.48:375][  0]LogD3D11RHI: D3D11 adapters:
[2019.01.15-21.11.48:403][  0]LogD3D11RHI:    0. 'AMD Radeon R9 200 Series' (Feature Level 11_0)
[2019.01.15-21.11.48:403][  0]LogD3D11RHI:       3052/0/8163 MB DedicatedVideo/DedicatedSystem/SharedSystem, Outputs:2, VendorId:0x1002
[2019.01.15-21.11.48:405][  0]LogD3D11RHI:    1. 'Microsoft Basic Render Driver' (Feature Level 11_0)
[2019.01.15-21.11.48:405][  0]LogD3D11RHI:       0/0/8163 MB DedicatedVideo/DedicatedSystem/SharedSystem, Outputs:0, VendorId:0x1414
[2019.01.15-21.11.48:405][  0]LogD3D11RHI: Chosen D3D11 Adapter: 0
[2019.01.15-21.11.48:412][  0]LogD3D11RHI: Creating new Direct3DDevice
[2019.01.15-21.11.48:412][  0]LogD3D11RHI:     GPU DeviceId: 0x679a (for the marketing name, search the web for "GPU Device Id")
[2019.01.15-21.11.48:412][  0]LogWindows: EnumDisplayDevices:
[2019.01.15-21.11.48:413][  0]LogWindows:    0. 'AMD Radeon R9 200 Series' (P:1 D:1)
[2019.01.15-21.11.48:413][  0]LogWindows:    1. 'AMD Radeon R9 200 Series' (P:0 D:1)
[2019.01.15-21.11.48:414][  0]LogWindows:    2. 'AMD Radeon R9 200 Series' (P:0 D:0)
[2019.01.15-21.11.48:414][  0]LogWindows:    3. 'AMD Radeon R9 200 Series' (P:0 D:0)
[2019.01.15-21.11.48:415][  0]LogWindows:    4. 'AMD Radeon R9 200 Series' (P:0 D:0)
[2019.01.15-21.11.48:416][  0]LogWindows:    5. 'AMD Radeon R9 200 Series' (P:0 D:0)
[2019.01.15-21.11.48:416][  0]LogWindows:    6. 'AMD Radeon R9 200 Series' (P:0 D:0)
[2019.01.15-21.11.48:417][  0]LogWindows:    7. 'AMD Radeon R9 200 Series' (P:0 D:0)
[2019.01.15-21.11.48:417][  0]LogWindows:    8. 'AMD Radeon R9 200 Series' (P:0 D:0)
[2019.01.15-21.11.48:418][  0]LogWindows:    9. 'AMD Radeon R9 200 Series' (P:0 D:0)
[2019.01.15-21.11.48:418][  0]LogWindows:    10. 'AMD Radeon R9 200 Series' (P:0 D:0)
[2019.01.15-21.11.48:419][  0]LogWindows:    11. 'AMD Radeon R9 200 Series' (P:0 D:0)
[2019.01.15-21.11.48:420][  0]LogWindows:    12. 'AMD Radeon R9 200 Series' (P:0 D:0)
[2019.01.15-21.11.48:420][  0]LogWindows:    13. 'AMD Radeon R9 200 Series' (P:0 D:0)
[2019.01.15-21.11.48:421][  0]LogWindows:    14. 'AMD Radeon R9 200 Series' (P:0 D:0)
[2019.01.15-21.11.48:421][  0]LogWindows:    15. 'AMD Radeon R9 200 Series' (P:0 D:0)
[2019.01.15-21.11.48:422][  0]LogWindows: DebugString: FoundDriverCount:16 
[2019.01.15-21.11.48:422][  0]LogD3D11RHI:     Adapter Name: AMD Radeon R9 200 Series
[2019.01.15-21.11.48:422][  0]LogD3D11RHI:   Driver Version: Adrenalin 18.12.1 (internal:25.20.14011.9004, unified:25.20.14011.9004)
[2019.01.15-21.11.48:422][  0]LogD3D11RHI:      Driver Date: 11-22-2018
[2019.01.15-21.11.48:422][  0]LogRHI: Texture pool is 2136 MB (70% of 3052 MB)
[2019.01.15-21.11.48:507][  0]LogD3D11RHI: Async texture creation enabled
[2019.01.15-21.11.48:518][  0]LogD3D11RHI: GPU Timing Frequency: 27.000000 (Debug: 2 1)
[2019.01.15-21.11.48:833][  0]LogTemp: Display: Loaded TP AllDesktopTargetPlatform
[2019.01.15-21.11.48:847][  0]LogTemp: Display: Loaded TP MacClientTargetPlatform
[2019.01.15-21.11.48:861][  0]LogTemp: Display: Loaded TP MacNoEditorTargetPlatform
[2019.01.15-21.11.48:876][  0]LogTemp: Display: Loaded TP MacServerTargetPlatform
[2019.01.15-21.11.48:890][  0]LogTemp: Display: Loaded TP MacTargetPlatform
[2019.01.15-21.11.48:904][  0]LogTemp: Display: Loaded TP WindowsClientTargetPlatform
[2019.01.15-21.11.48:919][  0]LogTemp: Display: Loaded TP WindowsNoEditorTargetPlatform
[2019.01.15-21.11.48:934][  0]LogTemp: Display: Loaded TP WindowsServerTargetPlatform
[2019.01.15-21.11.48:941][  0]LogTemp: Display: Loaded TP WindowsTargetPlatform
[2019.01.15-21.11.49:016][  0]LogTemp: Display: Loaded TP AndroidTargetPlatform
[2019.01.15-21.11.49:016][  0]LogTemp: Display: Loaded TP AndroidTargetPlatform
[2019.01.15-21.11.49:016][  0]LogTemp: Display: Loaded TP AndroidTargetPlatform
[2019.01.15-21.11.49:016][  0]LogTemp: Display: Loaded TP AndroidTargetPlatform
[2019.01.15-21.11.49:016][  0]LogTemp: Display: Loaded TP AndroidTargetPlatform
[2019.01.15-21.11.49:016][  0]LogTemp: Display: Loaded TP AndroidTargetPlatform
[2019.01.15-21.11.49:016][  0]LogTemp: Display: Loaded TP AndroidTargetPlatform
[2019.01.15-21.11.49:016][  0]LogTemp: Display: Loaded TP AndroidTargetPlatform
[2019.01.15-21.11.49:016][  0]LogTemp: Display: Loaded TP AndroidTargetPlatform
[2019.01.15-21.11.49:016][  0]LogTemp: Display: Loaded TP AndroidTargetPlatform
[2019.01.15-21.11.49:016][  0]LogTemp: Display: Loaded TP AndroidTargetPlatform
[2019.01.15-21.11.49:016][  0]LogTemp: Display: Loaded TP AndroidTargetPlatform
[2019.01.15-21.11.49:016][  0]LogTemp: Display: Loaded TP AndroidTargetPlatform
[2019.01.15-21.11.49:016][  0]LogTemp: Display: Loaded TP AndroidTargetPlatform
[2019.01.15-21.11.49:016][  0]LogTemp: Display: Loaded TP AndroidTargetPlatform
[2019.01.15-21.11.49:016][  0]LogTemp: Display: Loaded TP AndroidTargetPlatform
[2019.01.15-21.11.49:016][  0]LogTemp: Display: Loaded TP AndroidTargetPlatform
[2019.01.15-21.11.49:016][  0]LogTemp: Display: Loaded TP AndroidTargetPlatform
[2019.01.15-21.11.49:018][  0]LogTemp: Display: Loaded TP HTML5TargetPlatform
[2019.01.15-21.11.49:080][  0]LogTemp: Display: Loaded TP IOSTargetPlatform
[2019.01.15-21.11.49:080][  0]LogTemp: Display: Loaded TP IOSTargetPlatform
[2019.01.15-21.11.49:104][  0]LogTemp: Display: Loaded TP TVOSTargetPlatform
[2019.01.15-21.11.49:104][  0]LogTemp: Display: Loaded TP TVOSTargetPlatform
[2019.01.15-21.11.49:116][  0]LogTemp: Display: Loaded TP LinuxClientTargetPlatform
[2019.01.15-21.11.49:129][  0]LogTemp: Display: Loaded TP LinuxNoEditorTargetPlatform
[2019.01.15-21.11.49:142][  0]LogTemp: Display: Loaded TP LinuxServerTargetPlatform
[2019.01.15-21.11.49:156][  0]LogTemp: Display: Loaded TP LinuxTargetPlatform
[2019.01.15-21.11.49:202][  0]LogTemp: Display: Loaded TP LuminTargetPlatform
[2019.01.15-21.11.49:202][  0]LogTemp: Display: Loaded TP LuminTargetPlatform
[2019.01.15-21.11.49:202][  0]LogTargetPlatformManager: Display: Building Assets For Windows
[2019.01.15-21.11.49:283][  0]LogShaderCompilers: Guid format shader working directory is 0 characters bigger than the processId version (../../../../../GitHub/GAME_254/Humber_Game254/Intermediate/Shaders/WorkingDirectory/3068/).
[2019.01.15-21.11.49:283][  0]LogShaderCompilers: Cleaned the shader compiler working directory 'C:/Users/Ryan/AppData/Local/Temp/UnrealShaderWorkingDir/C11EA186449B38ED998421A75118C1DC/'.
[2019.01.15-21.11.49:286][  0]LogXGEController: Cleaning working directory: C:/Users/Ryan/AppData/Local/Temp/UnrealXGEWorkingDir/
[2019.01.15-21.11.49:286][  0]LogXGEController: Cannot use XGE Controller as Incredibuild is not installed on this machine.
[2019.01.15-21.11.49:286][  0]LogShaderCompilers: Cannot use XGE Shader Compiler as Incredibuild is not installed on this machine.
[2019.01.15-21.11.49:287][  0]LogShaderCompilers: Display: Using Local Shader Compiler.
[2019.01.15-21.11.49:835][  0]LogDerivedDataCache: Display: Max Cache Size: 512 MB
[2019.01.15-21.11.49:913][  0]LogDerivedDataCache: Loaded boot cache 0.08s 71MB C:/Users/Ryan/AppData/Local/UnrealEngine/4.21/DerivedDataCache/Boot.ddc.
[2019.01.15-21.11.49:913][  0]LogDerivedDataCache: Display: Loaded Boot cache: C:/Users/Ryan/AppData/Local/UnrealEngine/4.21/DerivedDataCache/Boot.ddc
[2019.01.15-21.11.49:913][  0]LogDerivedDataCache: FDerivedDataBackendGraph:  Pak pak cache file ../../../../../GitHub/GAME_254/Humber_Game254/DerivedDataCache/DDC.ddp not found, will not use a pak cache.
[2019.01.15-21.11.49:913][  0]LogDerivedDataCache: Unable to find inner node Pak for hierarchical cache Hierarchy.
[2019.01.15-21.11.49:914][  0]LogDerivedDataCache: FDerivedDataBackendGraph:  CompressedPak pak cache file ../../../../../GitHub/GAME_254/Humber_Game254/DerivedDataCache/Compressed.ddp not found, will not use a pak cache.
[2019.01.15-21.11.49:914][  0]LogDerivedDataCache: Unable to find inner node CompressedPak for hierarchical cache Hierarchy.
[2019.01.15-21.11.49:927][  0]LogDerivedDataCache: Display: Pak cache opened for reading ../../../Engine/DerivedDataCache/Compressed.ddp.
[2019.01.15-21.11.49:927][  0]LogDerivedDataCache: FDerivedDataBackendGraph:  EnterprisePak pak cache file ../../../Enterprise/DerivedDataCache/Compressed.ddp not found, will not use a pak cache.
[2019.01.15-21.11.49:927][  0]LogDerivedDataCache: Unable to find inner node EnterprisePak for hierarchical cache Hierarchy.
[2019.01.15-21.11.49:940][  0]LogDerivedDataCache: Using Local data cache path C:/Users/Ryan/AppData/Local/UnrealEngine/Common/DerivedDataCache: Writable
[2019.01.15-21.11.49:940][  0]LogDerivedDataCache: Shared data cache path not found in *engine.ini, will not use an Shared cache.
[2019.01.15-21.11.49:940][  0]LogDerivedDataCache: Unable to find inner node Shared for hierarchical cache Hierarchy.
[2019.01.15-21.11.49:963][  0]LogMaterial: Verifying Global Shaders for PCD3D_SM5
[2019.01.15-21.11.49:964][  0]LogSlate: Using FreeType 2.6.0
[2019.01.15-21.11.49:965][  0]LogSlate: SlateFontServices - WITH_FREETYPE: 1, WITH_HARFBUZZ: 1
[2019.01.15-21.11.50:056][  0]LogAssetRegistry: FAssetRegistry took 0.0341 seconds to start up
[2019.01.15-21.11.50:388][  0]LogInit: Selected Device Profile: [Windows]
[2019.01.15-21.11.50:544][  0]LogSimplygon: Simplygon DLL not present - disabling.
[2019.01.15-21.11.50:549][  0]LogMeshReduction: Using SimplygonSwarm for distributed automatic mesh merging
[2019.01.15-21.11.50:549][  0]LogMeshReduction: Using ProxyLODMeshReduction for automatic mesh merging
[2019.01.15-21.11.50:549][  0]LogMeshReduction: Using QuadricMeshReduction for automatic static mesh reduction
[2019.01.15-21.11.50:549][  0]LogMeshReduction: No automatic skeletal mesh reduction module available
[2019.01.15-21.11.50:566][  0]LogNetVersion: Humber_Game254 1.0.0, NetCL: 4541578, EngineNetVer: 5, GameNetVer: 0 (Checksum: 4266805273)
[2019.01.15-21.11.51:109][  0]LogPackageLocalizationCache: Processed 11 localized package path(s) for 2 prioritized culture(s) in 0.092255 seconds
[2019.01.15-21.11.51:115][  0]LogUObjectArray: 39775 objects as part of root set at end of initial load.
[2019.01.15-21.11.51:115][  0]LogUObjectAllocator: 6914656 out of 0 bytes used by permanent object pool.
[2019.01.15-21.11.51:115][  0]LogUObjectArray: CloseDisregardForGC: 0/0 objects in disregard for GC pool
[2019.01.15-21.11.52:039][  0]LogTcpMessaging: Initializing TcpMessaging bridge
[2019.01.15-21.11.52:052][  0]LogUdpMessaging: Initializing bridge on interface 0.0.0.0:0 to multicast group 230.0.0.1:6666.
[2019.01.15-21.11.52:767][  0]SourceControl: Source control is disabled
[2019.01.15-21.11.52:767][  0]SourceControl: Source control is disabled
[2019.01.15-21.11.52:769][  0]SourceControl: Source control is disabled
[2019.01.15-21.11.52:770][  0]SourceControl: Source control is disabled
[2019.01.15-21.11.52:940][  0]LogAndroidPermission: UAndroidPermissionCallbackProxy::GetInstance
[2019.01.15-21.11.53:096][  0]LogOcInput: OculusInput pre-init called
[2019.01.15-21.11.53:236][  0]LogEngine: Initializing Engine...
[2019.01.15-21.11.53:237][  0]LogHMD: Failed to initialize OpenVR with code 110
[2019.01.15-21.11.53:238][  0]LogStats: UGameplayTagsManager::ConstructGameplayTagTree: ImportINI prefixes -  0.000 s
[2019.01.15-21.11.53:238][  0]LogStats: UGameplayTagsManager::ConstructGameplayTagTree: Construct from data asset -  0.000 s
[2019.01.15-21.11.53:238][  0]LogStats: UGameplayTagsManager::ConstructGameplayTagTree: ImportINI -  0.000 s
[2019.01.15-21.11.53:238][  0]LogStats: UGameplayTagsManager::ConstructGameplayTagTree: GameplayTagTreeChangedEvent.Broadcast -  0.000 s
[2019.01.15-21.11.53:478][  0]LogInit: Initializing FReadOnlyCVARCache
[2019.01.15-21.11.53:496][  0]LogAIModule: Creating AISystem for world Untitled
[2019.01.15-21.11.53:536][  0]LogInit: XAudio2 using 'Speakers (Logitech G430 Gaming Headset)' : 6 channels at 48 kHz using 16 bits per sample (channel mask 0x3f)
[2019.01.15-21.11.53:575][  0]LogInit: FAudioDevice initialized.
[2019.01.15-21.11.53:575][  0]LogNetVersion: Set ProjectVersion to 1.0.0.0. Version Checksum will be recalculated on next use.
[2019.01.15-21.11.53:680][  0]LogDerivedDataCache: Saved boot cache 0.10s 71MB C:/Users/Ryan/AppData/Local/UnrealEngine/4.21/DerivedDataCache/Boot.ddc.
[2019.01.15-21.11.53:692][  0]LogInit: Texture streaming: Enabled
[2019.01.15-21.11.53:715][  0]LogEngineSessionManager: EngineSessionManager initialized
[2019.01.15-21.11.53:732][  0]LogInit: Transaction tracking system initialized
[2019.01.15-21.11.53:765][  0]BlueprintLog: New page: Editor Load
[2019.01.15-21.11.53:866][  0]LocalizationService: Localization service is disabled
[2019.01.15-21.11.54:342][  0]LogFileCache: Scanning file cache for directory 'C:/Users/Ryan/GitHub/GAME_254/Humber_Game254/Content/' took 0.02s
[2019.01.15-21.11.54:342][  0]LogCook: Display: Max memory allowance for cook 16384mb min free memory 0mb
[2019.01.15-21.11.54:343][  0]LogCook: Display: Mobile HDR setting 1
[2019.01.15-21.11.54:343][  0]LogGameplayTags: Display: UGameplayTagsManager::DoneAddingNativeTags. DelegateIsBound: 0
[2019.01.15-21.11.54:343][  0]LogStats: UGameplayTagsManager::ConstructGameplayTagTree: ImportINI prefixes -  0.000 s
[2019.01.15-21.11.54:343][  0]LogStats: UGameplayTagsManager::ConstructGameplayTagTree: Construct from data asset -  0.000 s
[2019.01.15-21.11.54:343][  0]LogStats: UGameplayTagsManager::ConstructGameplayTagTree: ImportINI -  0.000 s
[2019.01.15-21.11.54:343][  0]LogStats: UGameplayTagsManager::ConstructGameplayTagTree: GameplayTagTreeChangedEvent.Broadcast -  0.000 s
[2019.01.15-21.11.54:487][  0]SourceControl: Source control is disabled
[2019.01.15-21.11.54:487][  0]Cmd: MAP LOAD FILE="../../../../../GitHub/GAME_254/Humber_Game254/Content/MyContent/Maps/Terrain.umap" TEMPLATE=0 SHOWPROGRESS=1 FEATURELEVEL=3
[2019.01.15-21.11.54:487][  0]LightingResults: New page: Lighting Build
[2019.01.15-21.11.54:491][  0]MapCheck: New page: Map Check
[2019.01.15-21.11.54:491][  0]LightingResults: New page: Lighting Build
[2019.01.15-21.11.55:048][  0]LogAIModule: Creating AISystem for world Terrain
[2019.01.15-21.11.55:081][  0]LogEditorServer: Finished looking for orphan Actors (0.000 secs)
[2019.01.15-21.11.55:104][  0]Cmd: MAP CHECKDEP NOCLEARLOG
[2019.01.15-21.11.55:104][  0]MapCheck: Map check complete: 0 Error(s), 0 Warning(s), took 0.15ms to complete.
[2019.01.15-21.11.55:104][  0]LogFileHelpers: Loading map 'Terrain' took 0.617
[2019.01.15-21.11.56:478][  0]LogSlate: Only BGRA pngs, bmps or icos are supported in by External Image Picker
[2019.01.15-21.11.56:531][  0]LogSlate: Updating window title bar state: overlay mode, drag disabled, window buttons hidden, title bar hidden
[2019.01.15-21.11.56:538][  0]LogTemp: Executing iPhonePackager certificates Engine -bundlename com.YourCompany.HumberGame254
[2019.01.15-21.11.56:538][  0]LogTemp: CWD: C:\Users\Ryan\Documents\UE_4.21\Engine\Binaries\DotNET\IOS
[2019.01.15-21.11.56:538][  0]LogTemp: Initial Dir: C:\Users\Ryan\Documents\UE_4.21
[2019.01.15-21.11.56:538][  0]LogTemp: Env CWD: C:\Users\Ryan\Documents\UE_4.21\Engine\Binaries\DotNET\IOS
[2019.01.15-21.11.56:538][  0]LogTemp: BranchPath = RYAN-PC/C/Users/Ryan/Documents/UE_4.21/Engine/Binaries --- GameBranchPath = RYAN-PC/C/Users/Ryan/Documents/UE_4.21/Engine/Binaries
[2019.01.15-21.11.56:538][  0]LogSlate: Updating window title bar state: overlay mode, drag disabled, window buttons hidden, title bar hidden
[2019.01.15-21.11.56:546][  0]LogSlate: Updating window title bar state: overlay mode, drag disabled, window buttons hidden, title bar hidden
[2019.01.15-21.11.56:553][  0]LogTemp: IPP ERROR: Could not find provision directory 'C:\Users\Ryan\AppData\Local/Apple Computer/MobileDevice/Provisioning Profiles/'.
[2019.01.15-21.11.56:553][  0]LogSlate: Updating window title bar state: overlay mode, drag disabled, window buttons hidden, title bar hidden
[2019.01.15-21.11.56:562][  0]LogCollectionManager: Loaded 0 collections in 0.002856 seconds
[2019.01.15-21.11.56:579][  0]LogFileCache: Scanning file cache for directory 'C:/Users/Ryan/GitHub/GAME_254/Humber_Game254/Saved/Collections/' took 0.01s
[2019.01.15-21.11.56:579][  0]LogFileCache: Scanning file cache for directory 'C:/Users/Ryan/GitHub/GAME_254/Humber_Game254/Content/Developers/Ryan/Collections/' took 0.00s
[2019.01.15-21.11.56:579][  0]LogFileCache: Scanning file cache for directory 'C:/Users/Ryan/GitHub/GAME_254/Humber_Game254/Content/Collections/' took 0.00s
[2019.01.15-21.11.56:579][  0]LogCollectionManager: Rebuilt the GUID cache for 0 collections in 0.000000 seconds
[2019.01.15-21.11.56:588][  0]LogContentBrowser: Native class hierarchy populated in 0.0088 seconds. Added 2651 classes and 620 folders.
[2019.01.15-21.11.56:596][  0]LogContentBrowser: Native class hierarchy updated for 'WidgetCarousel' in 0.0003 seconds. Added 0 classes and 0 folders.
[2019.01.15-21.11.56:598][  0]LogPakFile: Registered encryption key '00000000000000000000000000000000': 0 pak files mounted, 0 remain pending
[2019.01.15-21.11.56:598][  0]LogPakFile: Registered encryption key '00000000000000000000000000000000': 0 pak files mounted, 0 remain pending
[2019.01.15-21.11.56:599][  0]LogPakFile: Registered encryption key '00000000000000000000000000000000': 0 pak files mounted, 0 remain pending
[2019.01.15-21.11.56:599][  0]LogPakFile: Registered encryption key '00000000000000000000000000000000': 0 pak files mounted, 0 remain pending
[2019.01.15-21.11.56:600][  0]LogPakFile: Registered encryption key '00000000000000000000000000000000': 0 pak files mounted, 0 remain pending
[2019.01.15-21.11.56:600][  0]LogPakFile: Registered encryption key '00000000000000000000000000000000': 0 pak files mounted, 0 remain pending
[2019.01.15-21.11.56:601][  0]LogPakFile: Registered encryption key '00000000000000000000000000000000': 0 pak files mounted, 0 remain pending
[2019.01.15-21.11.56:601][  0]LogPakFile: Registered encryption key '00000000000000000000000000000000': 0 pak files mounted, 0 remain pending
[2019.01.15-21.11.56:602][  0]LogPakFile: Registered encryption key '00000000000000000000000000000000': 0 pak files mounted, 0 remain pending
[2019.01.15-21.11.56:602][  0]LogPakFile: Registered encryption key '00000000000000000000000000000000': 0 pak files mounted, 0 remain pending
[2019.01.15-21.11.56:603][  0]LogPakFile: Registered encryption key '00000000000000000000000000000000': 0 pak files mounted, 0 remain pending
[2019.01.15-21.11.56:603][  0]LogPakFile: Registered encryption key '00000000000000000000000000000000': 0 pak files mounted, 0 remain pending
[2019.01.15-21.11.56:604][  0]LogPakFile: Registered encryption key '00000000000000000000000000000000': 0 pak files mounted, 0 remain pending
[2019.01.15-21.11.56:604][  0]LogPakFile: Registered encryption key '00000000000000000000000000000000': 0 pak files mounted, 0 remain pending
[2019.01.15-21.11.56:605][  0]LogPakFile: Registered encryption key '00000000000000000000000000000000': 0 pak files mounted, 0 remain pending
[2019.01.15-21.11.56:606][  0]LogPakFile: Registered encryption key '00000000000000000000000000000000': 0 pak files mounted, 0 remain pending
[2019.01.15-21.11.56:606][  0]LogPakFile: Registered encryption key '00000000000000000000000000000000': 0 pak files mounted, 0 remain pending
[2019.01.15-21.11.56:607][  0]LogPakFile: Registered encryption key '00000000000000000000000000000000': 0 pak files mounted, 0 remain pending
[2019.01.15-21.11.56:607][  0]LogPakFile: Registered encryption key '00000000000000000000000000000000': 0 pak files mounted, 0 remain pending
[2019.01.15-21.11.56:608][  0]LogPakFile: Registered encryption key '00000000000000000000000000000000': 0 pak files mounted, 0 remain pending
[2019.01.15-21.11.56:608][  0]LogPakFile: Registered encryption key '00000000000000000000000000000000': 0 pak files mounted, 0 remain pending
[2019.01.15-21.11.56:609][  0]LogPakFile: Registered encryption key '00000000000000000000000000000000': 0 pak files mounted, 0 remain pending
[2019.01.15-21.11.56:610][  0]LogPakFile: Registered encryption key '00000000000000000000000000000000': 0 pak files mounted, 0 remain pending
[2019.01.15-21.11.56:610][  0]LogPakFile: Registered encryption key '00000000000000000000000000000000': 0 pak files mounted, 0 remain pending
[2019.01.15-21.11.56:611][  0]LogPakFile: Registered encryption key '00000000000000000000000000000000': 0 pak files mounted, 0 remain pending
[2019.01.15-21.11.56:611][  0]LogPakFile: Registered encryption key '00000000000000000000000000000000': 0 pak files mounted, 0 remain pending
[2019.01.15-21.11.56:651][  0]LogContentBrowser: Native class hierarchy updated for 'AddContentDialog' in 0.0002 seconds. Added 0 classes and 0 folders.
[2019.01.15-21.11.56:658][  0]LogContentBrowser: Native class hierarchy updated for 'SceneOutliner' in 0.0003 seconds. Added 1 classes and 2 folders.
[2019.01.15-21.11.56:672][  0]LogSlate: Took 0.000209 seconds to synchronously load lazily loaded font '../../../Engine/Content/Slate/Fonts/Roboto-Regular.ttf' (155K)
[2019.01.15-21.11.56:673][  0]LogSlate: Took 0.000172 seconds to synchronously load lazily loaded font '../../../Engine/Content/Slate/Fonts/Roboto-Bold.ttf' (160K)
[2019.01.15-21.11.56:678][  0]LogSlate: Took 0.000190 seconds to synchronously load lazily loaded font '../../../Engine/Content/Editor/Slate/Fonts/FontAwesome.ttf' (139K)
[2019.01.15-21.11.56:761][  0]LogRenderer: Reallocating scene render targets to support 1176x576 Format 10 NumSamples 1 (Frame:1).
[2019.01.15-21.11.56:889][  0]LogContentBrowser: Native class hierarchy updated for 'HierarchicalLODOutliner' in 0.0003 seconds. Added 0 classes and 0 folders.
[2019.01.15-21.11.56:889][  0]LogLoad: (Engine Initialization) Total time: 11.23 seconds
[2019.01.15-21.11.56:889][  0]LogLoad: (Engine Initialization) Total Blueprint compile time: 0.00 seconds
[2019.01.15-21.11.56:900][  0]LogWindowsTextInputMethodSystem: Display: IME system now deactivated.
[2019.01.15-21.11.56:969][  0]LogContentStreaming: Texture pool size now 1000 MB
[2019.01.15-21.11.56:988][  0]LogSlate: Took 0.000188 seconds to synchronously load lazily loaded font '../../../Engine/Content/Slate/Fonts/Roboto-Light.ttf' (167K)
[2019.01.15-21.11.57:057][  2]LogAssetRegistry: Asset discovery search completed in 7.0240 seconds
[2019.01.15-21.11.57:059][  2]LogCollectionManager: Rebuilt the object cache for 0 collections in 0.000000 seconds (found 0 objects)
[2019.01.15-21.11.57:059][  2]LogCollectionManager: Fixed up redirectors for 0 collections in 0.000053 seconds (updated 0 objects)
[2019.01.15-21.12.19:428][659]LogSlate: FSceneViewport::OnFocusLost() reason 0
[2019.01.15-21.12.21:790][937]LogMaterial: Display: Missing cached shader map for material M_Landscape, compiling. 
[2019.01.15-21.12.21:834][937]LogSlate: Took 0.000226 seconds to synchronously load lazily loaded font '../../../Engine/Content/Slate/Fonts/Roboto-Light.ttf' (167K)
[2019.01.15-21.12.21:838][937]LogShaderCompilers: Display: Shaders left to compile 22
[2019.01.15-21.12.21:838][937]LogShaderCompilers: Display: Shaders left to compile 12
[2019.01.15-21.12.21:838][937]LogShaderCompilers: Display: Shaders left to compile 2
[2019.01.15-21.12.21:841][937]LogAssetEditorManager: Opening Asset editor for Material /Game/MyContent/Mat/M_Landscape.M_Landscape
[2019.01.15-21.12.21:844][937]LogMaterial: Display: Missing cached shader map for material M_Landscape, compiling. 
[2019.01.15-21.12.22:149][937]LogMaterial: Display: Missing cached shader map for material M_Landscape, compiling. 
[2019.01.15-21.12.22:219][937]LogSlate: Took 0.000202 seconds to synchronously load lazily loaded font '../../../Engine/Content/Slate/Fonts/Roboto-BoldCondensed.ttf' (158K)
[2019.01.15-21.12.23:312][ 11]LogShaderCompilers: Display: Shaders left to compile 21
[2019.01.15-21.12.23:774][ 53]LogShaderCompilers: Display: Shaders left to compile 20
[2019.01.15-21.12.24:081][ 89]LogShaderCompilers: Display: Shaders left to compile 19
[2019.01.15-21.12.24:531][133]LogShaderCompilers: Display: Shaders left to compile 18
[2019.01.15-21.12.24:900][172]LogShaderCompilers: Display: Shaders left to compile 17
[2019.01.15-21.12.25:146][201]LogShaderCompilers: Display: Shaders left to compile 16
[2019.01.15-21.12.25:399][230]LogShaderCompilers: Display: Shaders left to compile 15
[2019.01.15-21.12.25:797][265]LogShaderCompilers: Display: Shaders left to compile 14
[2019.01.15-21.12.26:052][286]LogShaderCompilers: Display: Shaders left to compile 13
[2019.01.15-21.12.26:336][305]LogShaderCompilers: Display: Shaders left to compile 12
[2019.01.15-21.12.26:509][316]LogShaderCompilers: Display: Shaders left to compile 11
[2019.01.15-21.12.27:077][353]LogShaderCompilers: Display: Shaders left to compile 10
[2019.01.15-21.12.27:245][360]LogShaderCompilers: Display: Shaders left to compile 9
[2019.01.15-21.12.27:516][384]LogShaderCompilers: Display: Shaders left to compile 8
[2019.01.15-21.12.28:055][433]LogShaderCompilers: Display: Shaders left to compile 7
[2019.01.15-21.12.28:477][471]LogShaderCompilers: Display: Shaders left to compile 6
[2019.01.15-21.12.28:558][478]LogShaderCompilers: Display: Shaders left to compile 5
[2019.01.15-21.12.29:425][557]LogShaderCompilers: Display: Shaders left to compile 4
[2019.01.15-21.12.29:493][563]LogShaderCompilers: Display: Shaders left to compile 3
[2019.01.15-21.12.29:514][565]LogShaderCompilers: Display: Shaders left to compile 2
[2019.01.15-21.12.29:884][598]LogShaderCompilers: Display: Shaders left to compile 1
[2019.01.15-21.12.30:489][651]MaterialEditorStats: Base pass shader: 103 instructions
[2019.01.15-21.12.30:489][651]MaterialEditorStats: Base pass shader with Volumetric Lightmap: 177 instructions
[2019.01.15-21.12.30:489][651]MaterialEditorStats: Base pass vertex shader: 32 instructions
[2019.01.15-21.12.30:489][651]MaterialEditorStats: Texture samplers: 3/16
[2019.01.15-21.12.33:719][891]LogSlate: Window 'M_Landscape' being destroyed
[2019.01.15-21.12.50:533][ 66]LogMaterial: Display: Missing cached shader map for material M_Landscape, compiling. 
[2019.01.15-21.12.50:547][ 66]LogMaterial: Display: Missing cached shader map for material FMatExpressionPreview MaterialExpressionTextureSample_0, compiling. 
[2019.01.15-21.12.50:592][ 67]LogShaderCompilers: Display: Shaders left to compile 21
[2019.01.15-21.12.50:592][ 67]LogShaderCompilers: Display: Shaders left to compile 20
[2019.01.15-21.12.50:592][ 67]LogShaderCompilers: Display: Shaders left to compile 19
[2019.01.15-21.12.51:566][149]LogShaderCompilers: Display: Shaders left to compile 18
[2019.01.15-21.12.51:894][175]LogShaderCompilers: Display: Shaders left to compile 17
[2019.01.15-21.12.51:945][179]LogShaderCompilers: Display: Shaders left to compile 16
[2019.01.15-21.12.52:126][193]LogShaderCompilers: Display: Shaders left to compile 15
[2019.01.15-21.12.52:240][203]LogShaderCompilers: Display: Shaders left to compile 14
[2019.01.15-21.12.52:514][225]LogShaderCompilers: Display: Shaders left to compile 13
[2019.01.15-21.12.52:562][226]LogShaderCompilers: Display: Shaders left to compile 12
[2019.01.15-21.12.52:562][226]LogShaderCompilers: Display: Shaders left to compile 11
[2019.01.15-21.12.52:772][237]LogShaderCompilers: Display: Shaders left to compile 10
[2019.01.15-21.12.53:129][252]LogShaderCompilers: Display: Shaders left to compile 9
[2019.01.15-21.12.53:129][252]LogShaderCompilers: Display: Shaders left to compile 8
[2019.01.15-21.12.53:296][261]LogShaderCompilers: Display: Shaders left to compile 7
[2019.01.15-21.12.53:709][296]LogShaderCompilers: Display: Shaders left to compile 6
[2019.01.15-21.12.53:856][310]LogShaderCompilers: Display: Shaders left to compile 5
[2019.01.15-21.12.53:887][313]LogShaderCompilers: Display: Shaders left to compile 4
[2019.01.15-21.12.54:283][344]LogShaderCompilers: Display: Shaders left to compile 3
[2019.01.15-21.12.54:372][350]LogShaderCompilers: Display: Shaders left to compile 2
[2019.01.15-21.12.54:616][373]LogShaderCompilers: Display: Shaders left to compile 1
[2019.01.15-21.13.05:148][309]MaterialEditorStats: Base pass shader: 103 instructions
[2019.01.15-21.13.05:148][309]MaterialEditorStats: Base pass shader with Volumetric Lightmap: 177 instructions
[2019.01.15-21.13.05:148][309]MaterialEditorStats: Base pass vertex shader: 32 instructions
[2019.01.15-21.13.05:148][309]MaterialEditorStats: Texture samplers: 3/16
[2019.01.15-21.13.15:794][236]LogAssetEditorManager: Opening Asset editor for Texture2D /Game/StarterContent/Textures/T_Ground_Grass_D.T_Ground_Grass_D
[2019.01.15-21.13.15:806][236]LogContentBrowser: Native class hierarchy updated for 'TextureEditor' in 0.0003 seconds. Added 1 classes and 2 folders.
[2019.01.15-21.13.19:126][534]LogAssetEditorManager: Opening Asset editor for Texture2D /Game/StarterContent/Textures/T_ground_Moss_D.T_ground_Moss_D
[2019.01.15-21.13.27:832][283]LogAssetEditorManager: Opening Asset editor for Texture2D /Game/StarterContent/Textures/T_ground_Moss_D.T_ground_Moss_D
[2019.01.15-21.13.29:509][421]LogAssetEditorManager: Opening Asset editor for Texture2D /Game/StarterContent/Textures/T_Ground_Moss_N.T_Ground_Moss_N
[2019.01.15-21.13.33:795][802]LogAssetEditorManager: Opening Asset editor for Texture2D /Game/StarterContent/Textures/T_Ground_Grass_D.T_Ground_Grass_D
[2019.01.15-21.13.37:385][113]LogMaterial: Display: Missing cached shader map for material M_Landscape, compiling. 
[2019.01.15-21.13.37:400][113]LogShaderCompilers: Display: Shaders left to compile 21
[2019.01.15-21.13.37:400][113]LogShaderCompilers: Display: Shaders left to compile 20
[2019.01.15-21.13.37:400][113]LogShaderCompilers: Display: Shaders left to compile 19
[2019.01.15-21.13.37:400][113]LogMaterial: Display: Missing cached shader map for material FMatExpressionPreview MaterialExpressionTextureSample_1, compiling. 
[2019.01.15-21.13.37:433][113]LogMaterial: Display: Missing cached shader map for material FMatExpressionPreview MaterialExpressionTextureSample_0, compiling. 
[2019.01.15-21.13.37:436][113]LogMaterial: Display: Missing cached shader map for material FMatExpressionPreview MaterialExpressionTextureSample_1, compiling. 
[2019.01.15-21.13.38:688][217]LogShaderCompilers: Display: Shaders left to compile 20
[2019.01.15-21.13.38:828][229]LogShaderCompilers: Display: Shaders left to compile 19
[2019.01.15-21.13.39:043][247]LogShaderCompilers: Display: Shaders left to compile 18
[2019.01.15-21.13.39:136][255]LogShaderCompilers: Display: Shaders left to compile 17
[2019.01.15-21.13.39:187][260]LogShaderCompilers: Display: Shaders left to compile 16
[2019.01.15-21.13.39:360][275]LogShaderCompilers: Display: Shaders left to compile 15
[2019.01.15-21.13.39:360][275]LogShaderCompilers: Display: Shaders left to compile 14
[2019.01.15-21.13.39:421][281]LogShaderCompilers: Display: Shaders left to compile 13
[2019.01.15-21.13.39:603][299]LogShaderCompilers: Display: Shaders left to compile 12
[2019.01.15-21.13.39:974][333]LogShaderCompilers: Display: Shaders left to compile 11
[2019.01.15-21.13.40:014][337]LogShaderCompilers: Display: Shaders left to compile 10
[2019.01.15-21.13.40:239][357]LogShaderCompilers: Display: Shaders left to compile 9
[2019.01.15-21.13.40:936][411]LogShaderCompilers: Display: Shaders left to compile 8
[2019.01.15-21.13.41:009][417]LogShaderCompilers: Display: Shaders left to compile 7
[2019.01.15-21.13.41:082][424]LogMaterialEditor: Saving and Compiling material M_Landscape
[2019.01.15-21.13.41:468][424]LogShaderCompilers: Display: Shaders left to compile 6
[2019.01.15-21.13.41:485][424]LogMaterial: Display: Missing cached shader map for material M_Landscape, compiling. 
[2019.01.15-21.13.41:527][424]LogShaderCompilers: Display: Shaders left to compile 2
[2019.01.15-21.13.41:548][424]LogMaterial: Display: Missing cached shader map for material M_Landscape, compiling. 
[2019.01.15-21.13.41:570][424]LogMaterial: Display: Missing cached shader map for material M_Landscape, compiling. 
[2019.01.15-21.13.41:582][424]LogShaderCompilers: Display: Shaders left to compile 44
[2019.01.15-21.13.41:611][424]LogMaterial: Display: Missing cached shader map for material FDebugViewModeMaterialProxy M_Landscape, compiling. 
[2019.01.15-21.13.43:453][424]LogShaderCompilers: Display: Shaders left to compile 44
[2019.01.15-21.13.43:453][424]LogShaderCompilers: Display: Shaders left to compile 43
[2019.01.15-21.13.43:453][424]LogShaderCompilers: Display: Shaders left to compile 42
[2019.01.15-21.13.43:453][424]LogShaderCompilers: Display: Shaders left to compile 41
[2019.01.15-21.13.43:453][424]LogShaderCompilers: Display: Shaders left to compile 40
[2019.01.15-21.13.43:453][424]LogShaderCompilers: Display: Shaders left to compile 39
[2019.01.15-21.13.43:453][424]LogShaderCompilers: Display: Shaders left to compile 38
[2019.01.15-21.13.43:453][424]LogShaderCompilers: Display: Shaders left to compile 37
[2019.01.15-21.13.43:453][424]LogShaderCompilers: Display: Shaders left to compile 36
[2019.01.15-21.13.43:454][424]LogShaderCompilers: Display: Shaders left to compile 35
[2019.01.15-21.13.43:454][424]LogShaderCompilers: Display: Shaders left to compile 34
[2019.01.15-21.13.43:454][424]LogShaderCompilers: Display: Shaders left to compile 33
[2019.01.15-21.13.43:454][424]LogShaderCompilers: Display: Shaders left to compile 32
[2019.01.15-21.13.43:454][424]LogShaderCompilers: Display: Shaders left to compile 31
[2019.01.15-21.13.43:454][424]LogShaderCompilers: Display: Shaders left to compile 30
[2019.01.15-21.13.43:454][424]LogShaderCompilers: Display: Shaders left to compile 29
[2019.01.15-21.13.43:454][424]LogShaderCompilers: Display: Shaders left to compile 28
[2019.01.15-21.13.43:454][424]LogShaderCompilers: Display: Shaders left to compile 27
[2019.01.15-21.13.43:454][424]LogShaderCompilers: Display: Shaders left to compile 26
[2019.01.15-21.13.43:454][424]LogShaderCompilers: Display: Shaders left to compile 25
[2019.01.15-21.13.43:454][424]LogShaderCompilers: Display: Shaders left to compile 24
[2019.01.15-21.13.43:454][424]LogShaderCompilers: Display: Shaders left to compile 23
[2019.01.15-21.13.43:454][424]LogShaderCompilers: Display: Shaders left to compile 22
[2019.01.15-21.13.43:454][424]LogShaderCompilers: Display: Shaders left to compile 12
[2019.01.15-21.13.43:454][424]LogShaderCompilers: Display: Shaders left to compile 2
[2019.01.15-21.13.43:455][424]TextureStreamingBuild: Display: Compiling optional shaders took 1.851 seconds.
[2019.01.15-21.13.45:804][424]Cmd: OBJ SAVEPACKAGE PACKAGE="/Game/MyContent/Mat/M_Landscape" FILE="../../../../../GitHub/GAME_254/Humber_Game254/Content/MyContent/Mat/M_Landscape.uasset" SILENT=true
[2019.01.15-21.13.45:831][424]LogSavePackage: Moving '../../../../../GitHub/GAME_254/Humber_Game254/Saved/M_LandscapeC88B92FE4FEC4BA49806829D6F2453B2.tmp' to '../../../../../GitHub/GAME_254/Humber_Game254/Content/MyContent/Mat/M_Landscape.uasset'
[2019.01.15-21.13.45:849][424]MaterialEditorStats: Base pass shader: 103 instructions
[2019.01.15-21.13.45:849][424]MaterialEditorStats: Base pass shader with Volumetric Lightmap: 177 instructions
[2019.01.15-21.13.45:849][424]MaterialEditorStats: Base pass vertex shader: 32 instructions
[2019.01.15-21.13.45:849][424]MaterialEditorStats: Texture samplers: 3/16
[2019.01.15-21.14.17:921][310]LogSlate: FSceneViewport::OnFocusLost() reason 0
[2019.01.15-21.14.24:463][313]LogTexture: Display: Building textures: T_Tile_PebblyRiverbank_D_R (AutoDXT, 8192X8192)
